2023/08/08 13:35:07 http: panic serving 127.0.0.1:57775: read /: is a directory
goroutine 35 [running]:
net/http.(*conn).serve.func1()
	/usr/local/go/src/net/http/server.go:1850 +0xbf
panic({0x1489f80, 0xc0002133e0})
	/usr/local/go/src/runtime/panic.go:890 +0x262
main.rootHandler({0x15ad320, 0xc0002061c0}, 0xc000188df0?, {0x3?, 0x0?, 0xc0001afb68?})
	/Users/alexanderristinmaa/Documents/the-project-site/app.go:85 +0x205
github.com/julienschmidt/httprouter.(*Router).ServeHTTP(0xc0001985a0, {0x15ad320, 0xc0002061c0}, 0xc000278000)
	/Users/alexanderristinmaa/go/pkg/mod/github.com/julienschmidt/httprouter@v1.3.0/router.go:387 +0x81c
net/http.serverHandler.ServeHTTP({0xc0002132c0?}, {0x15ad320, 0xc0002061c0}, 0xc000278000)
	/usr/local/go/src/net/http/server.go:2947 +0x30c
net/http.(*conn).serve(0xc0001a4dc0, {0x15ad920, 0xc0002131d0})
	/usr/local/go/src/net/http/server.go:1991 +0x607
created by net/http.(*Server).Serve
	/usr/local/go/src/net/http/server.go:3102 +0x4db
2023/08/08 13:35:07 http: panic serving 127.0.0.1:57776: read /: is a directory
goroutine 37 [running]:
net/http.(*conn).serve.func1()
	/usr/local/go/src/net/http/server.go:1850 +0xbf
panic({0x1489f80, 0xc000213560})
	/usr/local/go/src/runtime/panic.go:890 +0x262
main.rootHandler({0x15ad320, 0xc0002062a0}, 0xc000188f10?, {0x3?, 0x0?, 0xc000068b68?})
	/Users/alexanderristinmaa/Documents/the-project-site/app.go:85 +0x205
github.com/julienschmidt/httprouter.(*Router).ServeHTTP(0xc0001985a0, {0x15ad320, 0xc0002062a0}, 0xc000278100)
	/Users/alexanderristinmaa/go/pkg/mod/github.com/julienschmidt/httprouter@v1.3.0/router.go:387 +0x81c
net/http.serverHandler.ServeHTTP({0xc0002134a0?}, {0x15ad320, 0xc0002062a0}, 0xc000278100)
	/usr/local/go/src/net/http/server.go:2947 +0x30c
net/http.(*conn).serve(0xc0001a4e60, {0x15ad920, 0xc0002131d0})
	/usr/local/go/src/net/http/server.go:1991 +0x607
created by net/http.(*Server).Serve
	/usr/local/go/src/net/http/server.go:3102 +0x4db
2023/08/08 13:35:07 http: panic serving 127.0.0.1:57777: read /: is a directory
goroutine 39 [running]:
net/http.(*conn).serve.func1()
	/usr/local/go/src/net/http/server.go:1850 +0xbf
panic({0x1489f80, 0xc0002136e0})
	/usr/local/go/src/runtime/panic.go:890 +0x262
main.rootHandler({0x15ad320, 0xc000206380}, 0xc000188fd0?, {0x3?, 0x0?, 0xc000068b68?})
	/Users/alexanderristinmaa/Documents/the-project-site/app.go:85 +0x205
github.com/julienschmidt/httprouter.(*Router).ServeHTTP(0xc0001985a0, {0x15ad320, 0xc000206380}, 0xc000278200)
	/Users/alexanderristinmaa/go/pkg/mod/github.com/julienschmidt/httprouter@v1.3.0/router.go:387 +0x81c
net/http.serverHandler.ServeHTTP({0xc000213620?}, {0x15ad320, 0xc000206380}, 0xc000278200)
	/usr/local/go/src/net/http/server.go:2947 +0x30c
net/http.(*conn).serve(0xc0001a4f00, {0x15ad920, 0xc0002131d0})
	/usr/local/go/src/net/http/server.go:1991 +0x607
created by net/http.(*Server).Serve
	/usr/local/go/src/net/http/server.go:3102 +0x4db
2023/08/08 13:35:07 http: panic serving 127.0.0.1:57778: read /: is a directory
goroutine 41 [running]:
net/http.(*conn).serve.func1()
	/usr/local/go/src/net/http/server.go:1850 +0xbf
panic({0x1489f80, 0xc000213860})
	/usr/local/go/src/runtime/panic.go:890 +0x262
main.rootHandler({0x15ad320, 0xc000206460}, 0xc000189080?, {0x3?, 0x0?, 0xc000068b68?})
	/Users/alexanderristinmaa/Documents/the-project-site/app.go:85 +0x205
github.com/julienschmidt/httprouter.(*Router).ServeHTTP(0xc0001985a0, {0x15ad320, 0xc000206460}, 0xc000278300)
	/Users/alexanderristinmaa/go/pkg/mod/github.com/julienschmidt/httprouter@v1.3.0/router.go:387 +0x81c
net/http.serverHandler.ServeHTTP({0xc0002137a0?}, {0x15ad320, 0xc000206460}, 0xc000278300)
	/usr/local/go/src/net/http/server.go:2947 +0x30c
net/http.(*conn).serve(0xc0001a4fa0, {0x15ad920, 0xc0002131d0})
	/usr/local/go/src/net/http/server.go:1991 +0x607
created by net/http.(*Server).Serve
	/usr/local/go/src/net/http/server.go:3102 +0x4db
2023/08/08 13:35:07 http: panic serving 127.0.0.1:57779: read /: is a directory
goroutine 43 [running]:
net/http.(*conn).serve.func1()
	/usr/local/go/src/net/http/server.go:1850 +0xbf
panic({0x1489f80, 0xc0002139e0})
	/usr/local/go/src/runtime/panic.go:890 +0x262
main.rootHandler({0x15ad320, 0xc000206540}, 0xc000189130?, {0x3?, 0x0?, 0xc000068b68?})
	/Users/alexanderristinmaa/Documents/the-project-site/app.go:85 +0x205
github.com/julienschmidt/httprouter.(*Router).ServeHTTP(0xc0001985a0, {0x15ad320, 0xc000206540}, 0xc000278400)
	/Users/alexanderristinmaa/go/pkg/mod/github.com/julienschmidt/httprouter@v1.3.0/router.go:387 +0x81c
net/http.serverHandler.ServeHTTP({0xc000213920?}, {0x15ad320, 0xc000206540}, 0xc000278400)
	/usr/local/go/src/net/http/server.go:2947 +0x30c
net/http.(*conn).serve(0xc0001a5040, {0x15ad920, 0xc0002131d0})
	/usr/local/go/src/net/http/server.go:1991 +0x607
created by net/http.(*Server).Serve
	/usr/local/go/src/net/http/server.go:3102 +0x4db
2023/08/08 13:35:07 http: panic serving 127.0.0.1:57780: read /: is a directory
goroutine 45 [running]:
net/http.(*conn).serve.func1()
	/usr/local/go/src/net/http/server.go:1850 +0xbf
panic({0x1489f80, 0xc000213b60})
	/usr/local/go/src/runtime/panic.go:890 +0x262
main.rootHandler({0x15ad320, 0xc000206620}, 0xc0001891e0?, {0x3?, 0x0?, 0xc000068b68?})
	/Users/alexanderristinmaa/Documents/the-project-site/app.go:85 +0x205
github.com/julienschmidt/httprouter.(*Router).ServeHTTP(0xc0001985a0, {0x15ad320, 0xc000206620}, 0xc000278500)
	/Users/alexanderristinmaa/go/pkg/mod/github.com/julienschmidt/httprouter@v1.3.0/router.go:387 +0x81c
net/http.serverHandler.ServeHTTP({0xc000213aa0?}, {0x15ad320, 0xc000206620}, 0xc000278500)
	/usr/local/go/src/net/http/server.go:2947 +0x30c
net/http.(*conn).serve(0xc0001a50e0, {0x15ad920, 0xc0002131d0})
	/usr/local/go/src/net/http/server.go:1991 +0x607
created by net/http.(*Server).Serve
	/usr/local/go/src/net/http/server.go:3102 +0x4db
2023/08/08 13:35:07 http: panic serving 127.0.0.1:57781: read /: is a directory
goroutine 47 [running]:
net/http.(*conn).serve.func1()
	/usr/local/go/src/net/http/server.go:1850 +0xbf
panic({0x1489f80, 0xc0000b2120})
	/usr/local/go/src/runtime/panic.go:890 +0x262
main.rootHandler({0x15ad320, 0xc0000c6000}, 0xc0000b0020?, {0x3?, 0x0?, 0xc0000acb68?})
	/Users/alexanderristinmaa/Documents/the-project-site/app.go:85 +0x205
github.com/julienschmidt/httprouter.(*Router).ServeHTTP(0xc0001985a0, {0x15ad320, 0xc0000c6000}, 0xc0000b6000)
	/Users/alexanderristinmaa/go/pkg/mod/github.com/julienschmidt/httprouter@v1.3.0/router.go:387 +0x81c
net/http.serverHandler.ServeHTTP({0xc0000b2030?}, {0x15ad320, 0xc0000c6000}, 0xc0000b6000)
	/usr/local/go/src/net/http/server.go:2947 +0x30c
net/http.(*conn).serve(0xc0001a5180, {0x15ad920, 0xc0002131d0})
	/usr/local/go/src/net/http/server.go:1991 +0x607
created by net/http.(*Server).Serve
	/usr/local/go/src/net/http/server.go:3102 +0x4db
2023/08/08 13:35:07 http: panic serving 127.0.0.1:57782: read /: is a directory
goroutine 20 [running]:
net/http.(*conn).serve.func1()
	/usr/local/go/src/net/http/server.go:1850 +0xbf
panic({0x1489f80, 0xc0000b22a0})
	/usr/local/go/src/runtime/panic.go:890 +0x262
main.rootHandler({0x15ad320, 0xc0000c60e0}, 0xc0000b00e0?, {0x3?, 0x0?, 0xc0000acb68?})
	/Users/alexanderristinmaa/Documents/the-project-site/app.go:85 +0x205
github.com/julienschmidt/httprouter.(*Router).ServeHTTP(0xc0001985a0, {0x15ad320, 0xc0000c60e0}, 0xc0000b6100)
	/Users/alexanderristinmaa/go/pkg/mod/github.com/julienschmidt/httprouter@v1.3.0/router.go:387 +0x81c
net/http.serverHandler.ServeHTTP({0xc0000b21e0?}, {0x15ad320, 0xc0000c60e0}, 0xc0000b6100)
	/usr/local/go/src/net/http/server.go:2947 +0x30c
net/http.(*conn).serve(0xc0000e8000, {0x15ad920, 0xc0002131d0})
	/usr/local/go/src/net/http/server.go:1991 +0x607
created by net/http.(*Server).Serve
	/usr/local/go/src/net/http/server.go:3102 +0x4db
2023/08/08 13:35:07 http: panic serving 127.0.0.1:57783: read /: is a directory
goroutine 22 [running]:
net/http.(*conn).serve.func1()
	/usr/local/go/src/net/http/server.go:1850 +0xbf
panic({0x1489f80, 0xc0000b2420})
	/usr/local/go/src/runtime/panic.go:890 +0x262
main.rootHandler({0x15ad320, 0xc0000c61c0}, 0xc0000b01a0?, {0x3?, 0x0?, 0xc0000acb68?})
	/Users/alexanderristinmaa/Documents/the-project-site/app.go:85 +0x205
github.com/julienschmidt/httprouter.(*Router).ServeHTTP(0xc0001985a0, {0x15ad320, 0xc0000c61c0}, 0xc0000b6200)
	/Users/alexanderristinmaa/go/pkg/mod/github.com/julienschmidt/httprouter@v1.3.0/router.go:387 +0x81c
net/http.serverHandler.ServeHTTP({0xc0000b2360?}, {0x15ad320, 0xc0000c61c0}, 0xc0000b6200)
	/usr/local/go/src/net/http/server.go:2947 +0x30c
net/http.(*conn).serve(0xc0000e80a0, {0x15ad920, 0xc0002131d0})
	/usr/local/go/src/net/http/server.go:1991 +0x607
created by net/http.(*Server).Serve
	/usr/local/go/src/net/http/server.go:3102 +0x4db
2023/08/08 13:35:07 http: panic serving 127.0.0.1:57784: read /: is a directory
goroutine 24 [running]:
net/http.(*conn).serve.func1()
	/usr/local/go/src/net/http/server.go:1850 +0xbf
panic({0x1489f80, 0xc0000b25a0})
	/usr/local/go/src/runtime/panic.go:890 +0x262
main.rootHandler({0x15ad320, 0xc0000c62a0}, 0xc0000b0250?, {0x3?, 0x0?, 0xc0000acb68?})
	/Users/alexanderristinmaa/Documents/the-project-site/app.go:85 +0x205
github.com/julienschmidt/httprouter.(*Router).ServeHTTP(0xc0001985a0, {0x15ad320, 0xc0000c62a0}, 0xc0000b6300)
	/Users/alexanderristinmaa/go/pkg/mod/github.com/julienschmidt/httprouter@v1.3.0/router.go:387 +0x81c
net/http.serverHandler.ServeHTTP({0xc0000b24e0?}, {0x15ad320, 0xc0000c62a0}, 0xc0000b6300)
	/usr/local/go/src/net/http/server.go:2947 +0x30c
net/http.(*conn).serve(0xc0000e8140, {0x15ad920, 0xc0002131d0})
	/usr/local/go/src/net/http/server.go:1991 +0x607
created by net/http.(*Server).Serve
	/usr/local/go/src/net/http/server.go:3102 +0x4db
2023/08/08 20:23:05 Thats not goods!?
2023/08/08 20:23:08 Thats not goods!?
2023/08/08 20:23:18 Thats not goods!?
2023/08/08 20:23:26 Thats not goods!?
2023/08/08 20:23:35 Thats not goods!?
2023/08/08 20:23:42 Thats not goods!?
2023/08/08 20:23:46 Thats not goods!?
2023/08/08 20:33:18 Thats not goods!?
2023/08/09 13:18:39 Thats not goods!?
2023/08/09 13:18:42 Thats not goods!?
2023/08/09 13:57:39 open frontend/dist/favicon.ico: no such file or directory
2023/08/09 14:22:14 open ./frontend/dist/index.html: no such file or directory
2023/08/09 14:24:50 open ./frontend/dist/index.html: no such file or directory
2023/08/09 14:29:18 open ./frontend/dist/index.html: no such file or directory
2023/08/09 14:29:18 open frontend/dist/favicon.ico: no such file or directory
2023/08/09 14:29:39 open ./frontend/dist/index.html: no such file or directory
2023/08/09 14:31:06 open ./frontend/dist/index.html: no such file or directory
2023/08/09 14:31:14 open ./frontend/dist/index.html: no such file or directory
2023/08/09 14:32:10 open ./frontend/dist/index.html: no such file or directory
2023/08/09 14:32:26 open ./frontend/dist/index.html: no such file or directory
2023/08/09 14:37:17 open ./frontend/dist/index.html: no such file or directory
2023/08/09 14:38:55 open ./frontend/dist/index.html: no such file or directory
2023/08/09 14:39:09 open ./frontend/dist/index.html: no such file or directory
2023/08/09 14:39:10 open frontend/dist/favicon.ico: no such file or directory
2023/08/09 14:39:18 open ./frontend/dist/index.html: no such file or directory
2023/08/09 14:39:39 open ./frontend/dist/index.html: no such file or directory
2023/08/09 14:39:53 open ./frontend/dist/index.html: no such file or directory
2023/08/09 14:40:27 open ./frontend/dist/index.html: no such file or directory
2023/08/09 14:40:27 open frontend/dist/favicon.ico: no such file or directory
2023/08/09 14:41:20 open ./frontend/dist/index.html: no such file or directory
2023/08/09 14:41:58 open ./frontend/dist/index.html: no such file or directory
2023/08/09 14:42:00 open ./frontend/dist/index.html: no such file or directory
2023/08/09 14:43:23 open ./frontend/dist/index.html: no such file or directory
2023/08/09 14:45:39 open ./frontend/dist/index.html: no such file or directory
2023/08/09 14:46:18 open ./frontend/dist/index.html: no such file or directory
2023/08/09 14:51:00 open ./frontend/dist/index.html: no such file or directory
2023/08/09 14:51:22 open ./frontend/dist/index.html: no such file or directory
2023/08/09 14:55:48 open ./frontend/dist/index.html: no such file or directory
2023/08/09 14:56:14 open ./frontend/dist/index.html: no such file or directory
2023/08/09 14:57:33 open ./frontend/dist/index.html: no such file or directory
2023/08/09 14:59:09 open ./frontend/dist/index.html: no such file or directory
2023/08/09 15:09:54 number of field descriptions must equal number of destinations, got 5 and 6
2023/08/09 16:28:45 open ./frontend/dist/index.html: no such file or directory
2023/08/09 16:28:47 open ./frontend/dist/index.html: no such file or directory
2023/08/09 16:28:47 open ./frontend/dist/index.html: no such file or directory
2023/08/10 01:58:45 open frontend/dist/pulic/background-curve.svg: no such file or directory
2023/08/10 01:58:51 open frontend/dist/pulic/background-curve.svg: no such file or directory
2023/08/10 01:58:51 open frontend/dist/pulic/background-curve.svg: no such file or directory
2023/08/10 01:58:55 open frontend/dist/pulic/background-curve.svg: no such file or directory
2023/08/10 01:59:57 open frontend/dist/pulic/background-curve.svg: no such file or directory
2023/08/10 02:01:02 open frontend/dist/assets/background-curve.svg: no such file or directory
2023/08/10 02:01:07 open frontend/dist/assets/background-curve.svg: no such file or directory
2023/08/10 02:01:15 open frontend/dist/assets/background-curve.svg: no such file or directory
2023/08/10 02:01:18 open frontend/dist/assets/background-curve.svg: no such file or directory
2023/08/10 02:01:19 open frontend/dist/assets/background-curve.svg: no such file or directory
2023/08/10 02:01:19 open frontend/dist/assets/background-curve.svg: no such file or directory
2023/08/10 02:01:48 open frontend/dist/assets/Background-curve.svg: no such file or directory
2023/08/10 02:01:50 open frontend/dist/assets/Background-curve.svg: no such file or directory
2023/08/10 02:01:50 open frontend/dist/assets/Background-curve.svg: no such file or directory
2023/08/10 02:01:50 open frontend/dist/favicon.ico: no such file or directory
2023/08/10 02:01:55 open frontend/dist/assets/Background-curve.svg: no such file or directory
2023/08/10 02:01:55 open frontend/dist/assets/Background-curve.svg: no such file or directory
2023/08/10 09:48:05 open ./frontend/dist/index.html: no such file or directory
2023/08/10 09:48:05 open frontend/dist/favicon.ico: no such file or directory
2023/08/10 10:13:33 open frontend/dist/favicon.ico: no such file or directory
2023/08/10 10:15:43 open frontend/dist/favicon.ico: no such file or directory
2023/08/10 10:40:36 open ./frontend/dist/index.html: no such file or directory
2023/08/10 10:40:44 open ./frontend/dist/index.html: no such file or directory
2023/08/10 10:55:18 open frontend/dist/test-thumbnail.jpg: no such file or directory
2023/08/10 10:55:26 open frontend/dist/test-thumbnail.jpg: no such file or directory
2023/08/10 11:53:39 open ./frontend/dist/index.html: no such file or directory
2023/08/10 11:53:39 open frontend/dist/favicon.ico: no such file or directory
2023/08/10 11:53:48 open ./frontend/dist/index.html: no such file or directory
2023/08/10 11:56:22 open ./frontend/dist/index.html: no such file or directory
2023/08/10 11:56:22 open frontend/dist/favicon.ico: no such file or directory
2023/08/10 11:57:10 open ./frontend/dist/index.html: no such file or directory
2023/08/10 11:59:49 open ./frontend/dist/index.html: no such file or directory
2023/08/10 12:00:24 open ./frontend/dist/index.html: no such file or directory
2023/08/10 12:03:09 open ./frontend/dist/index.html: no such file or directory
2023/08/10 12:03:35 open ./frontend/dist/index.html: no such file or directory
2023/08/10 12:03:46 open ./frontend/dist/index.html: no such file or directory
2023/08/10 12:03:46 open frontend/dist/favicon.ico: no such file or directory
2023/08/10 12:04:05 open ./frontend/dist/index.html: no such file or directory
2023/08/10 12:04:19 open ./frontend/dist/index.html: no such file or directory
2023/08/10 12:04:19 open frontend/dist/favicon.ico: no such file or directory
2023/08/10 12:04:20 open ./frontend/dist/index.html: no such file or directory
2023/08/10 12:04:21 open ./frontend/dist/index.html: no such file or directory
2023/08/10 12:05:00 open ./frontend/dist/index.html: no such file or directory
2023/08/10 12:06:56 open ./frontend/dist/index.html: no such file or directory
2023/08/10 12:07:19 open ./frontend/dist/index.html: no such file or directory
2023/08/10 12:07:20 open frontend/dist/favicon.ico: no such file or directory
2023/08/10 12:07:41 open ./frontend/dist/index.html: no such file or directory
2023/08/10 12:07:42 open frontend/dist/favicon.ico: no such file or directory
2023/08/10 12:07:43 open ./frontend/dist/index.html: no such file or directory
2023/08/10 12:07:43 open frontend/dist/favicon.ico: no such file or directory
2023/08/10 12:08:25 open ./frontend/dist/index.html: no such file or directory
2023/08/10 12:08:25 open frontend/dist/favicon.ico: no such file or directory
2023/08/10 12:09:00 open ./frontend/dist/index.html: no such file or directory
2023/08/10 12:09:00 open frontend/dist/favicon.ico: no such file or directory
2023/08/10 12:09:01 open ./frontend/dist/index.html: no such file or directory
2023/08/10 12:09:02 open frontend/dist/favicon.ico: no such file or directory
2023/08/10 12:11:10 open ./frontend/dist/index.html: no such file or directory
2023/08/10 12:11:10 open frontend/dist/favicon.ico: no such file or directory
2023/08/10 12:12:41 open ./frontend/dist/index.html: no such file or directory
2023/08/10 12:12:41 open frontend/dist/favicon.ico: no such file or directory
2023/08/10 12:12:59 open ./frontend/dist/index.html: no such file or directory
2023/08/10 12:13:00 open frontend/dist/favicon.ico: no such file or directory
2023/08/10 12:14:20 open ./frontend/dist/index.html: no such file or directory
2023/08/10 12:15:34 open ./frontend/dist/index.html: no such file or directory
2023/08/10 12:15:35 open ./frontend/dist/index.html: no such file or directory
2023/08/10 12:40:22 open ./frontend/dist/index.html: no such file or directory
2023/08/10 12:41:20 open ./frontend/dist/index.html: no such file or directory
2023/08/10 12:41:51 open ./frontend/dist/index.html: no such file or directory
2023/08/10 12:42:08 open ./frontend/dist/index.html: no such file or directory
2023/08/10 12:42:17 open ./frontend/dist/index.html: no such file or directory
2023/08/10 12:46:14 open ./frontend/dist/index.html: no such file or directory
2023/08/10 12:46:15 open frontend/dist/favicon.ico: no such file or directory
2023/08/10 12:46:16 open ./frontend/dist/index.html: no such file or directory
2023/08/10 12:46:16 open frontend/dist/favicon.ico: no such file or directory
2023/08/10 12:46:58 open ./frontend/dist/index.html: no such file or directory
2023/08/10 12:47:07 open ./frontend/dist/index.html: no such file or directory
2023/08/10 12:47:09 open ./frontend/dist/index.html: no such file or directory
2023/08/10 12:48:12 open ./frontend/dist/index.html: no such file or directory
2023/08/10 12:48:13 open frontend/dist/favicon.ico: no such file or directory
2023/08/10 12:48:43 open ./frontend/dist/index.html: no such file or directory
2023/08/10 12:48:43 open frontend/dist/favicon.ico: no such file or directory
2023/08/10 12:49:57 open ./frontend/dist/index.html: no such file or directory
2023/08/10 12:49:58 open frontend/dist/favicon.ico: no such file or directory
2023/08/10 12:50:18 open ./frontend/dist/index.html: no such file or directory
2023/08/10 12:50:19 open frontend/dist/favicon.ico: no such file or directory
2023/08/10 12:53:30 open ./frontend/dist/index.html: no such file or directory
2023/08/10 13:07:34 open ./frontend/dist/index.html: no such file or directory
2023/08/10 13:09:25 open ./frontend/dist/index.html: no such file or directory
2023/08/10 13:09:25 open frontend/dist/favicon.ico: no such file or directory
2023/08/10 13:10:21 open ./frontend/dist/index.html: no such file or directory
2023/08/10 13:10:21 open frontend/dist/favicon.ico: no such file or directory
2023/08/10 13:11:01 open ./frontend/dist/index.html: no such file or directory
2023/08/10 13:11:02 open frontend/dist/favicon.ico: no such file or directory
2023/08/10 13:17:37 open ./frontend/dist/index.html: no such file or directory
2023/08/10 13:17:37 open frontend/dist/favicon.ico: no such file or directory
2023/08/10 13:19:24 open ./frontend/dist/index.html: no such file or directory
2023/08/10 13:19:24 open frontend/dist/favicon.ico: no such file or directory
2023/08/10 13:22:30 open ./frontend/dist/index.html: no such file or directory
2023/08/10 13:22:30 open frontend/dist/favicon.ico: no such file or directory
2023/08/10 13:23:56 open ./frontend/dist/index.html: no such file or directory
2023/08/10 13:23:56 open frontend/dist/favicon.ico: no such file or directory
2023/08/10 13:23:57 open ./frontend/dist/index.html: no such file or directory
2023/08/10 13:23:58 open frontend/dist/favicon.ico: no such file or directory
2023/08/10 13:24:18 open ./frontend/dist/index.html: no such file or directory
2023/08/10 13:24:18 open frontend/dist/favicon.ico: no such file or directory
2023/08/10 13:35:51 open ./frontend/dist/index.html: no such file or directory
2023/08/10 13:35:51 open frontend/dist/favicon.ico: no such file or directory
2023/08/10 15:28:47 open ./frontend/dist/index.html: no such file or directory
2023/08/10 15:28:48 open frontend/dist/favicon.ico: no such file or directory
2023/08/10 15:28:49 open ./frontend/dist/index.html: no such file or directory
2023/08/10 15:28:49 open frontend/dist/favicon.ico: no such file or directory
2023/08/10 15:29:57 open ./frontend/dist/index.html: no such file or directory
2023/08/10 15:29:58 open frontend/dist/favicon.ico: no such file or directory
2023/08/10 15:30:40 open ./frontend/dist/index.html: no such file or directory
2023/08/10 15:30:41 open frontend/dist/favicon.ico: no such file or directory
2023/08/10 16:10:15 open ./frontend/dist/index.html: no such file or directory
2023/08/10 16:19:01 open ./frontend/dist/index.html: no such file or directory
2023/08/10 16:19:02 open ./frontend/dist/index.html: no such file or directory
2023/08/10 16:37:48 open ./frontend/dist/index.html: no such file or directory
2023/08/10 16:37:48 open frontend/dist/favicon.ico: no such file or directory
2023/08/10 17:35:22 open ./frontend/dist/index.html: no such file or directory
2023/08/10 17:35:23 open frontend/dist/favicon.ico: no such file or directory
2023/08/10 17:35:35 open ./frontend/dist/index.html: no such file or directory
2023/08/10 17:35:36 open frontend/dist/favicon.ico: no such file or directory
2023/08/10 17:38:29 open ./frontend/dist/index.html: no such file or directory
2023/08/10 17:38:29 open frontend/dist/favicon.ico: no such file or directory
2023/08/10 17:39:13 open ./frontend/dist/index.html: no such file or directory
2023/08/10 17:39:13 open frontend/dist/favicon.ico: no such file or directory
2023/08/10 17:43:55 open ./frontend/dist/index.html: no such file or directory
2023/08/10 17:43:56 open frontend/dist/favicon.ico: no such file or directory
2023/08/10 17:47:14 open ./frontend/dist/index.html: no such file or directory
2023/08/10 17:47:14 open frontend/dist/favicon.ico: no such file or directory
2023/08/10 17:48:34 open ./frontend/dist/index.html: no such file or directory
2023/08/10 17:48:34 open frontend/dist/favicon.ico: no such file or directory
2023/08/10 17:50:28 open ./frontend/dist/index.html: no such file or directory
2023/08/10 17:50:28 open frontend/dist/favicon.ico: no such file or directory
2023/08/10 17:51:42 open ./frontend/dist/index.html: no such file or directory
2023/08/10 17:51:42 open frontend/dist/favicon.ico: no such file or directory
2023/08/10 21:25:21 open ./frontend/dist/index.html: no such file or directory
2023/08/10 21:25:21 open frontend/dist/favicon.ico: no such file or directory
2023/08/10 21:25:54 open ./frontend/dist/index.html: no such file or directory
2023/08/10 21:25:55 open frontend/dist/favicon.ico: no such file or directory
2023/08/10 21:27:16 open ./frontend/dist/index.html: no such file or directory
2023/08/10 21:27:16 open frontend/dist/favicon.ico: no such file or directory
2023/08/10 21:27:26 open ./frontend/dist/index.html: no such file or directory
2023/08/10 21:27:26 open frontend/dist/favicon.ico: no such file or directory
2023/08/10 21:27:27 open ./frontend/dist/index.html: no such file or directory
2023/08/10 21:27:27 open frontend/dist/favicon.ico: no such file or directory
2023/08/10 21:27:29 open ./frontend/dist/index.html: no such file or directory
2023/08/10 21:27:29 open frontend/dist/favicon.ico: no such file or directory
2023/08/10 21:27:41 open ./frontend/dist/index.html: no such file or directory
2023/08/10 21:27:41 open frontend/dist/favicon.ico: no such file or directory
2023/08/10 21:38:19 open ./frontend/dist/index.html: no such file or directory
2023/08/10 21:38:20 open frontend/dist/favicon.ico: no such file or directory
2023/08/10 21:38:21 open ./frontend/dist/index.html: no such file or directory
2023/08/10 21:38:21 open frontend/dist/favicon.ico: no such file or directory
2023/08/10 21:38:22 open ./frontend/dist/index.html: no such file or directory
2023/08/10 21:38:22 open frontend/dist/favicon.ico: no such file or directory
2023/08/10 21:38:23 open ./frontend/dist/index.html: no such file or directory
2023/08/10 21:38:23 open frontend/dist/favicon.ico: no such file or directory
2023/08/10 21:38:33 open ./frontend/dist/index.html: no such file or directory
2023/08/10 21:38:33 open frontend/dist/favicon.ico: no such file or directory
2023/08/10 21:38:34 open ./frontend/dist/index.html: no such file or directory
2023/08/10 21:38:34 open frontend/dist/favicon.ico: no such file or directory
2023/08/10 21:38:35 open ./frontend/dist/index.html: no such file or directory
2023/08/10 21:38:35 open frontend/dist/favicon.ico: no such file or directory
2023/08/10 21:38:54 open ./frontend/dist/index.html: no such file or directory
2023/08/10 21:38:55 open frontend/dist/favicon.ico: no such file or directory
2023/08/10 21:38:55 open ./frontend/dist/index.html: no such file or directory
2023/08/10 21:38:56 open frontend/dist/favicon.ico: no such file or directory
2023/08/10 21:40:52 open ./frontend/dist/index.html: no such file or directory
2023/08/10 21:40:53 open frontend/dist/favicon.ico: no such file or directory
2023/08/10 21:40:54 open ./frontend/dist/index.html: no such file or directory
2023/08/10 21:40:55 open frontend/dist/favicon.ico: no such file or directory
2023/08/10 21:41:07 open ./frontend/dist/index.html: no such file or directory
2023/08/10 21:41:07 open frontend/dist/favicon.ico: no such file or directory
2023/08/10 21:42:15 open ./frontend/dist/index.html: no such file or directory
2023/08/10 21:42:15 open frontend/dist/favicon.ico: no such file or directory
2023/08/10 21:42:46 open ./frontend/dist/index.html: no such file or directory
2023/08/10 21:42:46 open frontend/dist/favicon.ico: no such file or directory
2023/08/10 21:42:47 open ./frontend/dist/index.html: no such file or directory
2023/08/10 21:42:47 open frontend/dist/favicon.ico: no such file or directory
2023/08/10 21:43:00 open ./frontend/dist/index.html: no such file or directory
2023/08/10 21:43:01 open frontend/dist/favicon.ico: no such file or directory
2023/08/10 21:43:33 open ./frontend/dist/index.html: no such file or directory
2023/08/10 21:43:33 open frontend/dist/favicon.ico: no such file or directory
2023/08/10 21:45:28 open ./frontend/dist/index.html: no such file or directory
2023/08/10 21:45:28 open frontend/dist/favicon.ico: no such file or directory
2023/08/10 21:45:40 open ./frontend/dist/index.html: no such file or directory
2023/08/10 21:45:41 open frontend/dist/favicon.ico: no such file or directory
2023/08/10 21:45:49 open ./frontend/dist/index.html: no such file or directory
2023/08/10 21:45:50 open frontend/dist/favicon.ico: no such file or directory
2023/08/10 21:46:12 open ./frontend/dist/index.html: no such file or directory
2023/08/10 21:46:12 open frontend/dist/favicon.ico: no such file or directory
2023/08/10 21:46:23 open ./frontend/dist/index.html: no such file or directory
2023/08/10 21:46:24 open frontend/dist/favicon.ico: no such file or directory
2023/08/10 21:46:41 open ./frontend/dist/index.html: no such file or directory
2023/08/10 21:46:42 open frontend/dist/favicon.ico: no such file or directory
2023/08/10 21:47:17 open ./frontend/dist/index.html: no such file or directory
2023/08/10 21:47:18 open frontend/dist/favicon.ico: no such file or directory
2023/08/10 21:48:26 open ./frontend/dist/index.html: no such file or directory
2023/08/10 21:48:26 open frontend/dist/favicon.ico: no such file or directory
2023/08/10 21:48:27 open ./frontend/dist/index.html: no such file or directory
2023/08/10 21:48:27 open frontend/dist/favicon.ico: no such file or directory
2023/08/10 21:49:16 open ./frontend/dist/index.html: no such file or directory
2023/08/10 21:49:17 open frontend/dist/favicon.ico: no such file or directory
2023/08/10 21:49:35 open ./frontend/dist/index.html: no such file or directory
2023/08/10 21:49:36 open frontend/dist/favicon.ico: no such file or directory
2023/08/10 21:50:53 open ./frontend/dist/index.html: no such file or directory
2023/08/10 21:50:54 open frontend/dist/favicon.ico: no such file or directory
2023/08/11 12:14:13 open ./frontend/dist/index.html: no such file or directory
2023/08/11 12:14:14 open frontend/dist/favicon.ico: no such file or directory
2023/08/11 12:23:23 open frontend/dist/assets/search-icon.svg: no such file or directory
2023/08/11 12:24:00 open frontend/dist/assets/search-icon.svg: no such file or directory
2023/08/11 12:24:01 open frontend/dist/assets/search-icon.svg: no such file or directory
2023/08/11 12:24:09 open frontend/dist/assets/search-icon.svg: no such file or directory
2023/08/11 12:24:10 open frontend/dist/assets/search-icon.svg: no such file or directory
2023/08/11 12:24:10 open frontend/dist/favicon.ico: no such file or directory
2023/08/11 12:28:35 open ./frontend/dist/index.html: no such file or directory
2023/08/11 12:29:16 open ./frontend/dist/index.html: no such file or directory
2023/08/11 12:29:16 open frontend/dist/favicon.ico: no such file or directory
2023/08/11 12:30:07 open ./frontend/dist/index.html: no such file or directory
2023/08/11 12:30:07 open frontend/dist/favicon.ico: no such file or directory
2023/08/11 12:35:19 open ./frontend/dist/index.html: no such file or directory
2023/08/11 12:35:19 open frontend/dist/favicon.ico: no such file or directory
2023/08/11 12:37:17 open ./frontend/dist/index.html: no such file or directory
2023/08/11 12:37:17 open frontend/dist/favicon.ico: no such file or directory
2023/08/11 12:38:14 open ./frontend/dist/index.html: no such file or directory
2023/08/11 12:38:14 open frontend/dist/favicon.ico: no such file or directory
2023/08/11 12:43:09 open ./frontend/dist/index.html: no such file or directory
2023/08/11 12:45:22 open ./frontend/dist/index.html: no such file or directory
2023/08/11 12:46:02 open ./frontend/dist/index.html: no such file or directory
2023/08/11 12:46:12 open ./frontend/dist/index.html: no such file or directory
2023/08/11 12:46:29 open ./frontend/dist/index.html: no such file or directory
2023/08/11 13:20:39 open ./frontend/dist/index.html: no such file or directory
2023/08/11 13:20:39 open frontend/dist/favicon.ico: no such file or directory
2023/08/11 13:25:09 open ./frontend/dist/index.html: no such file or directory
2023/08/11 13:25:09 open frontend/dist/favicon.ico: no such file or directory
2023/08/11 13:25:10 open ./frontend/dist/index.html: no such file or directory
2023/08/11 13:25:10 open frontend/dist/favicon.ico: no such file or directory
2023/08/11 13:28:15 open ./frontend/dist/index.html: no such file or directory
2023/08/11 13:28:15 open frontend/dist/favicon.ico: no such file or directory
2023/08/11 13:30:18 open ./frontend/dist/index.html: no such file or directory
2023/08/11 13:30:18 open frontend/dist/favicon.ico: no such file or directory
2023/08/11 13:32:17 open frontend/dist/test-thumbnail.png: no such file or directory
2023/08/11 13:32:28 open frontend/dist/test-thumbnail.png: no such file or directory
2023/08/11 13:33:15 open frontend/dist/test-thumbnail.png: no such file or directory
2023/08/11 13:45:24 open ./frontend/dist/index.html: no such file or directory
2023/08/11 13:47:17 open ./frontend/dist/index.html: no such file or directory
2023/08/11 13:49:16 open ./frontend/dist/index.html: no such file or directory
2023/08/11 14:23:27 open ./frontend/dist/index.html: no such file or directory
2023/08/11 14:23:27 open frontend/dist/favicon.ico: no such file or directory
2023/08/11 14:23:28 open ./frontend/dist/index.html: no such file or directory
2023/08/11 14:23:29 open frontend/dist/favicon.ico: no such file or directory
2023/08/11 14:23:29 open ./frontend/dist/index.html: no such file or directory
2023/08/11 14:23:29 open frontend/dist/favicon.ico: no such file or directory
2023/08/11 14:23:30 open ./frontend/dist/index.html: no such file or directory
2023/08/11 14:23:30 open frontend/dist/favicon.ico: no such file or directory
2023/08/11 14:26:30 open frontend/dist/assets/index-02f00595.css: no such file or directory
2023/08/11 14:26:30 open frontend/dist/assets/index-02f00595.css: no such file or directory
2023/08/11 14:26:37 open frontend/dist/favicon.ico: no such file or directory
2023/08/14 17:33:11 open ./frontend/dist/index.html: no such file or directory
2023/08/14 17:33:12 open frontend/dist/favicon.ico: no such file or directory
2023/08/14 17:47:04 open ./frontend/dist/index.html: no such file or directory
2023/08/14 17:47:04 open frontend/dist/favicon.ico: no such file or directory
2023/08/14 18:12:31 open ./frontend/dist/index.html: no such file or directory
2023/08/14 18:12:31 open frontend/dist/favicon.ico: no such file or directory
2023/08/14 19:03:14 open frontend/dist/apple-touch-icon-120x120-precomposed.png: no such file or directory
2023/08/14 19:03:14 open frontend/dist/apple-touch-icon-120x120.png: no such file or directory
2023/08/14 19:03:14 open frontend/dist/apple-touch-icon-precomposed.png: no such file or directory
2023/08/14 19:03:14 open frontend/dist/apple-touch-icon.png: no such file or directory
2023/08/14 19:03:14 open frontend/dist/favicon.ico: no such file or directory
2023/08/14 19:03:14 open frontend/dist/apple-touch-icon-120x120-precomposed.png: no such file or directory
2023/08/14 19:03:14 open frontend/dist/apple-touch-icon-120x120.png: no such file or directory
2023/08/14 19:03:14 open frontend/dist/apple-touch-icon-precomposed.png: no such file or directory
2023/08/14 19:03:14 open frontend/dist/apple-touch-icon.png: no such file or directory
2023/08/14 19:03:14 open frontend/dist/favicon.ico: no such file or directory
2023/08/17 12:46:22 open ./frontend/dist/index.html: no such file or directory
2023/08/17 12:46:22 open frontend/dist/favicon.ico: no such file or directory
2023/08/17 12:46:24 open ./frontend/dist/index.html: no such file or directory
2023/08/17 12:46:24 open ./frontend/dist/index.html: no such file or directory
2023/08/17 12:46:46 open ./frontend/dist/index.html: no such file or directory
2023/08/17 12:46:47 open ./frontend/dist/index.html: no such file or directory
2023/08/18 14:27:52 open frontend/dist/apple-touch-icon-precomposed.png: no such file or directory
2023/08/18 14:27:52 open frontend/dist/apple-touch-icon.png: no such file or directory
2023/08/18 14:27:52 open frontend/dist/favicon.ico: no such file or directory
2023/08/18 14:39:59 open frontend/dist/posts/page/logo.png: no such file or directory
2023/08/18 14:39:59 open frontend/dist/posts/page/test-thumbnail.jpeg: no such file or directory
2023/08/18 14:39:59 open frontend/dist/posts/page/logo.png: no such file or directory
2023/08/18 14:40:10 open frontend/dist/posts/page/logo.png: no such file or directory
2023/08/18 14:40:10 open frontend/dist/posts/page/test-thumbnail.jpeg: no such file or directory
2023/08/18 14:40:10 open frontend/dist/posts/page/logo.png: no such file or directory
2023/08/18 14:40:35 open frontend/dist/posts/page/logo.png: no such file or directory
2023/08/18 14:40:35 open frontend/dist/posts/page/test-thumbnail.jpeg: no such file or directory
2023/08/18 14:40:35 open frontend/dist/posts/page/logo.png: no such file or directory
2023/08/18 14:40:38 open frontend/dist/posts/page/logo.png: no such file or directory
2023/08/18 14:40:38 open frontend/dist/posts/page/test-thumbnail.jpeg: no such file or directory
2023/08/18 14:40:38 open frontend/dist/posts/page/logo.png: no such file or directory
2023/08/18 14:40:44 open frontend/dist/posts/page/test-thumbnail.jpeg: no such file or directory
2023/08/18 14:40:44 open frontend/dist/posts/page/logo.png: no such file or directory
2023/08/18 14:40:45 open frontend/dist/posts/page/logo.png: no such file or directory
2023/08/18 14:40:45 open frontend/dist/posts/page/test-thumbnail.jpeg: no such file or directory
2023/08/18 14:41:06 open frontend/dist/posts/page/test-thumbnail.jpeg: no such file or directory
2023/08/18 14:41:22 open frontend/dist/posts/page/logo.png: no such file or directory
2023/08/18 14:41:22 open frontend/dist/posts/page/test-thumbnail.jpeg: no such file or directory
2023/08/18 14:41:22 open frontend/dist/posts/page/logo.png: no such file or directory
2023/08/18 14:41:45 open frontend/dist/posts/page/logo.png: no such file or directory
2023/08/18 14:41:45 open frontend/dist/posts/page/test-thumbnail.jpeg: no such file or directory
2023/08/18 14:41:45 open frontend/dist/posts/page/logo.png: no such file or directory
2023/08/18 14:41:47 open frontend/dist/posts/page/test-thumbnail.jpeg: no such file or directory
2023/08/18 14:41:47 open frontend/dist/posts/page/logo.png: no such file or directory
2023/08/18 14:41:50 open frontend/dist/posts/page/logo.png: no such file or directory
2023/08/18 14:41:50 open frontend/dist/posts/page/test-thumbnail.jpeg: no such file or directory
2023/08/18 14:41:50 open frontend/dist/posts/page/logo.png: no such file or directory
2023/08/18 14:42:06 open frontend/dist/posts/page/test-thumbnail.jpeg: no such file or directory
2023/08/18 14:42:06 open frontend/dist/posts/page/logo.png: no such file or directory
2023/08/18 14:42:07 open frontend/dist/posts/page/test-thumbnail.jpeg: no such file or directory
2023/08/18 14:42:07 open frontend/dist/posts/page/logo.png: no such file or directory
2023/08/18 14:42:12 open frontend/dist/posts/page/test-thumbnail.jpeg: no such file or directory
2023/08/18 14:42:12 open frontend/dist/posts/page/logo.png: no such file or directory
2023/08/18 14:42:16 open frontend/dist/posts/page/logo.png: no such file or directory
2023/08/18 14:42:16 open frontend/dist/posts/page/test-thumbnail.jpeg: no such file or directory
2023/08/18 14:42:16 open frontend/dist/posts/page/logo.png: no such file or directory
2023/08/18 14:42:24 open frontend/dist/posts/page/test-thumbnail.jpeg: no such file or directory
2023/08/18 14:42:24 open frontend/dist/posts/page/logo.png: no such file or directory
2023/08/18 14:42:35 open frontend/dist/posts/page/logo.png: no such file or directory
2023/08/18 14:42:35 open frontend/dist/posts/page/test-thumbnail.jpeg: no such file or directory
2023/08/18 14:42:35 open frontend/dist/posts/page/logo.png: no such file or directory
2023/08/18 14:42:39 open frontend/dist/posts/page/logo.png: no such file or directory
2023/08/18 14:42:39 open frontend/dist/posts/page/test-thumbnail.jpeg: no such file or directory
2023/08/18 14:42:39 open frontend/dist/posts/page/logo.png: no such file or directory
2023/08/18 14:43:00 open frontend/dist/posts/page/logo.png: no such file or directory
2023/08/18 14:43:00 open frontend/dist/posts/page/test-thumbnail.jpeg: no such file or directory
2023/08/18 14:43:00 open frontend/dist/posts/page/logo.png: no such file or directory
2023/08/18 14:43:51 open frontend/dist/test-thumbnailnail.jpeg: no such file or directory
2023/08/18 14:43:51 open frontend/dist/posts/page/logo.png: no such file or directory
2023/08/18 14:44:18 open frontend/dist/posts/page/logo.png: no such file or directory
2023/08/18 14:44:30 open frontend/dist/posts/page/logo.png: no such file or directory
2023/08/18 14:44:30 open frontend/dist/posts/page/logo.png: no such file or directory
2023/08/18 14:56:47 open frontend/dist/posts/page/logo.png: no such file or directory
2023/08/18 14:56:54 open frontend/dist/posts/page/logo.png: no such file or directory
2023/08/18 14:56:54 open frontend/dist/posts/page/logo.png: no such file or directory
2023/08/18 14:56:57 open frontend/dist/posts/page/logo.png: no such file or directory
2023/08/18 15:23:09 open ./frontend/dist/index.html: no such file or directory
2023/08/18 15:23:09 open frontend/dist/favicon.ico: no such file or directory
2023/08/18 15:23:11 open ./frontend/dist/index.html: no such file or directory
2023/08/18 15:23:11 open frontend/dist/favicon.ico: no such file or directory
2023/08/18 15:23:12 open ./frontend/dist/index.html: no such file or directory
2023/08/18 15:23:12 open frontend/dist/favicon.ico: no such file or directory
2023/08/18 15:23:14 open frontend/dist/favicon.ico: no such file or directory
2023/08/18 15:23:17 open ./frontend/dist/index.html: no such file or directory
2023/08/18 15:23:17 open frontend/dist/favicon.ico: no such file or directory
2023/08/18 15:39:01 open ./frontend/dist/index.html: no such file or directory
2023/08/18 15:39:01 open frontend/dist/favicon.ico: no such file or directory
2023/08/18 15:39:03 open ./frontend/dist/index.html: no such file or directory
2023/08/18 15:39:03 open frontend/dist/favicon.ico: no such file or directory
2023/08/18 17:21:35 open ./frontend/dist/index.html: no such file or directory
2023/08/18 17:25:53 open ./frontend/dist/index.html: no such file or directory
2023/08/18 17:25:53 open frontend/dist/favicon.ico: no such file or directory
2023/08/18 17:25:56 open ./frontend/dist/index.html: no such file or directory
2023/08/18 17:25:56 open frontend/dist/favicon.ico: no such file or directory
2023/08/18 17:25:57 open ./frontend/dist/index.html: no such file or directory
2023/08/18 17:25:57 open frontend/dist/favicon.ico: no such file or directory
2023/08/18 18:51:45 open ./frontend/dist/index.html: no such file or directory
2023/08/18 18:51:46 open ./frontend/dist/index.html: no such file or directory
2023/08/18 18:52:13 open ./frontend/dist/index.html: no such file or directory
2023/08/18 18:52:14 open ./frontend/dist/index.html: no such file or directory
2023/08/18 20:16:50 open ./frontend/dist/index.html: no such file or directory
2023/08/18 20:16:50 open frontend/dist/favicon.ico: no such file or directory
2023/08/19 10:52:02 open ./frontend/dist/index.html: no such file or directory
2023/08/19 10:52:02 open frontend/dist/favicon.ico: no such file or directory
2023/08/19 15:07:18 open frontend/dist/favicon.ico: no such file or directory
2023/08/19 15:33:19 open ./frontend/dist/index.html: no such file or directory
2023/08/19 15:33:19 open frontend/dist/favicon.ico: no such file or directory
2023/08/19 15:33:20 open ./frontend/dist/index.html: no such file or directory
2023/08/19 15:33:20 open frontend/dist/favicon.ico: no such file or directory
2023/08/19 15:33:20 open ./frontend/dist/index.html: no such file or directory
2023/08/19 15:33:20 open frontend/dist/favicon.ico: no such file or directory
2023/08/20 12:14:07 open ./frontend/dist/index.html: no such file or directory
2023/08/20 12:14:07 open frontend/dist/favicon.ico: no such file or directory
2023/08/20 13:10:11 open ./frontend/dist/index.html: no such file or directory
2023/08/20 13:10:11 open frontend/dist/favicon.ico: no such file or directory
2023/08/21 15:50:05 open ./frontend/dist/index.html: no such file or directory
2023/08/21 21:36:05 open ./frontend/dist/index.html: no such file or directory
2023/08/21 21:36:05 open frontend/dist/favicon.ico: no such file or directory
2023/08/21 22:24:25 open ./frontend/dist/index.html: no such file or directory
2023/08/21 22:24:25 open frontend/dist/favicon.ico: no such file or directory
2023/08/21 22:43:49 open ./frontend/dist/index.html: no such file or directory
2023/08/21 22:43:50 open frontend/dist/favicon.ico: no such file or directory
2023/08/21 22:45:00 open ./frontend/dist/index.html: no such file or directory
2023/08/21 22:45:00 open frontend/dist/favicon.ico: no such file or directory
2023/08/21 23:03:48 open frontend/dist/apple-touch-icon-precomposed.png: no such file or directory
2023/08/21 23:03:48 open frontend/dist/apple-touch-icon.png: no such file or directory
2023/08/22 00:01:41 can't scan into dest[0]: cannot scan varchar (OID 1043) in text format into string
2023/08/22 00:01:42 can't scan into dest[0]: cannot scan varchar (OID 1043) in text format into string
2023/08/22 20:03:11 conn busy
2023/08/22 20:03:28 open frontend/dist/favicon.ico: no such file or directory
2023/08/22 23:54:49 open ./frontend/dist/index.html: no such file or directory
2023/08/22 23:54:49 open frontend/dist/favicon.ico: no such file or directory
2023/08/22 23:54:50 open ./frontend/dist/index.html: no such file or directory
2023/08/22 23:54:50 open frontend/dist/favicon.ico: no such file or directory
2023/08/22 23:54:51 open ./frontend/dist/index.html: no such file or directory
2023/08/22 23:54:51 open frontend/dist/favicon.ico: no such file or directory
2023/08/22 23:54:57 open ./frontend/dist/index.html: no such file or directory
2023/08/22 23:54:57 open frontend/dist/favicon.ico: no such file or directory
2023/08/22 23:55:01 open ./frontend/dist/index.html: no such file or directory
2023/08/22 23:55:01 open frontend/dist/favicon.ico: no such file or directory
2023/08/22 23:55:03 open ./frontend/dist/index.html: no such file or directory
2023/08/22 23:55:03 open frontend/dist/favicon.ico: no such file or directory
2023/08/22 23:55:04 open ./frontend/dist/index.html: no such file or directory
2023/08/22 23:55:04 open frontend/dist/favicon.ico: no such file or directory
2023/08/22 23:55:04 open frontend/dist/favicon.ico: no such file or directory
2023/08/22 23:55:04 open frontend/dist/favicon.ico: no such file or directory
2023/08/22 23:55:08 open ./frontend/dist/index.html: no such file or directory
2023/08/22 23:55:08 open frontend/dist/favicon.ico: no such file or directory
2023/08/23 00:13:00 ERROR: syntax error at or near "=" (SQLSTATE 42601)
2023/08/23 00:13:01 ERROR: syntax error at or near "=" (SQLSTATE 42601)
2023/08/23 00:13:26 ERROR: syntax error at or near "=" (SQLSTATE 42601)
2023/08/23 00:14:07 ERROR: syntax error at or near "=" (SQLSTATE 42601)
2023/08/23 00:14:15 expected 0 arguments, got 1
2023/08/23 00:15:31 expected 0 arguments, got 1
2023/08/23 00:27:21 failed to encode args[0]: unable to encode []string{} into text format for text (OID 25): cannot find encode plan
2023/08/23 00:27:54 http: panic serving 192.168.1.8:52648: runtime error: index out of range [0] with length 0
goroutine 6 [running]:
net/http.(*conn).serve.func1()
	/usr/local/go/src/net/http/server.go:1850 +0xbf
panic({0x14d6880, 0xc00033e0a8})
	/usr/local/go/src/runtime/panic.go:890 +0x262
main.allPosts({0x15ad5c0, 0xc00034e0e0}, 0xc000366000, {0x4?, 0xc000348080?, 0xc0001219e0?})
	/Users/alexanderristinmaa/Documents/the-project-site/app.go:92 +0xa33
github.com/julienschmidt/httprouter.(*Router).ServeHTTP(0xc00007c6c0, {0x15ad5c0, 0xc00034e0e0}, 0xc000366000)
	/Users/alexanderristinmaa/go/pkg/mod/github.com/julienschmidt/httprouter@v1.3.0/router.go:387 +0x81c
net/http.(*ServeMux).ServeHTTP(0x0?, {0x15ad5c0, 0xc00034e0e0}, 0xc000366000)
	/usr/local/go/src/net/http/server.go:2487 +0x149
net/http.serverHandler.ServeHTTP({0x15ac268?}, {0x15ad5c0, 0xc00034e0e0}, 0xc000366000)
	/usr/local/go/src/net/http/server.go:2947 +0x30c
net/http.(*conn).serve(0xc000000dc0, {0x15adbc0, 0xc0001711a0})
	/usr/local/go/src/net/http/server.go:1991 +0x607
created by net/http.(*Server).Serve
	/usr/local/go/src/net/http/server.go:3102 +0x4db
2023/08/23 00:27:54 http: panic serving 192.168.1.8:52649: runtime error: index out of range [0] with length 0
goroutine 8 [running]:
net/http.(*conn).serve.func1()
	/usr/local/go/src/net/http/server.go:1850 +0xbf
panic({0x14d6880, 0xc00033e138})
	/usr/local/go/src/runtime/panic.go:890 +0x262
main.allPosts({0x15ad5c0, 0xc00034e1c0}, 0xc0001c2500, {0x4?, 0x1?, 0xc0001239e0?})
	/Users/alexanderristinmaa/Documents/the-project-site/app.go:92 +0xa33
github.com/julienschmidt/httprouter.(*Router).ServeHTTP(0xc00007c6c0, {0x15ad5c0, 0xc00034e1c0}, 0xc0001c2500)
	/Users/alexanderristinmaa/go/pkg/mod/github.com/julienschmidt/httprouter@v1.3.0/router.go:387 +0x81c
net/http.(*ServeMux).ServeHTTP(0x0?, {0x15ad5c0, 0xc00034e1c0}, 0xc0001c2500)
	/usr/local/go/src/net/http/server.go:2487 +0x149
net/http.serverHandler.ServeHTTP({0x15ac268?}, {0x15ad5c0, 0xc00034e1c0}, 0xc0001c2500)
	/usr/local/go/src/net/http/server.go:2947 +0x30c
net/http.(*conn).serve(0xc000000fa0, {0x15adbc0, 0xc0001711a0})
	/usr/local/go/src/net/http/server.go:1991 +0x607
created by net/http.(*Server).Serve
	/usr/local/go/src/net/http/server.go:3102 +0x4db
2023/08/23 00:27:54 http: panic serving 192.168.1.8:52650: runtime error: index out of range [0] with length 0
goroutine 37 [running]:
net/http.(*conn).serve.func1()
	/usr/local/go/src/net/http/server.go:1850 +0xbf
panic({0x14d6880, 0xc00033e1c8})
	/usr/local/go/src/runtime/panic.go:890 +0x262
main.allPosts({0x15ad5c0, 0xc00034e2a0}, 0xc000366100, {0x4?, 0x1?, 0xc0000689e0?})
	/Users/alexanderristinmaa/Documents/the-project-site/app.go:92 +0xa33
github.com/julienschmidt/httprouter.(*Router).ServeHTTP(0xc00007c6c0, {0x15ad5c0, 0xc00034e2a0}, 0xc000366100)
	/Users/alexanderristinmaa/go/pkg/mod/github.com/julienschmidt/httprouter@v1.3.0/router.go:387 +0x81c
net/http.(*ServeMux).ServeHTTP(0x0?, {0x15ad5c0, 0xc00034e2a0}, 0xc000366100)
	/usr/local/go/src/net/http/server.go:2487 +0x149
net/http.serverHandler.ServeHTTP({0x15ac268?}, {0x15ad5c0, 0xc00034e2a0}, 0xc000366100)
	/usr/local/go/src/net/http/server.go:2947 +0x30c
net/http.(*conn).serve(0xc00037c000, {0x15adbc0, 0xc0001711a0})
	/usr/local/go/src/net/http/server.go:1991 +0x607
created by net/http.(*Server).Serve
	/usr/local/go/src/net/http/server.go:3102 +0x4db
2023/08/23 00:48:13 number of field descriptions must equal number of destinations, got 2 and 7
2023/08/23 00:49:19 number of field descriptions must equal number of destinations, got 6 and 7
2023/08/23 22:22:37 conn busy
2023/08/25 13:45:07 no rows in result set
2023/08/25 13:47:41 no rows in result set
2023/08/25 13:50:00 no rows in result set
2023/08/25 13:50:17 no rows in result set
2023/08/25 13:51:34 no rows in result set
2023/08/25 13:51:59 no rows in result set
2023/08/25 13:52:03 no rows in result set
